1588898585772	mozrunner::runner	INFO	Running command: "/usr/bin/firefox" "-marionette" "-foreground" "-no-remote" "-profile" "/tmp/rust_mozprofileoPOkRi"
1588898591677	addons.webextension.doh-rollout@mozilla.org	WARN	Loading extension 'doh-rollout@mozilla.org': Reading manifest: Invalid extension permission: networkStatus
1588898594289	addons.webextension.screenshots@mozilla.org	WARN	Loading extension 'screenshots@mozilla.org': Reading manifest: Invalid extension permission: mozillaAddons
1588898594289	addons.webextension.screenshots@mozilla.org	WARN	Loading extension 'screenshots@mozilla.org': Reading manifest: Invalid extension permission: telemetry
1588898594289	addons.webextension.screenshots@mozilla.org	WARN	Loading extension 'screenshots@mozilla.org': Reading manifest: Invalid extension permission: resource://pdf.js/
1588898594289	addons.webextension.screenshots@mozilla.org	WARN	Loading extension 'screenshots@mozilla.org': Reading manifest: Invalid extension permission: about:reader*
1588898603896	Marionette	INFO	Listening on port 36587
1588898603911	Marionette	WARN	TLS certificate errors will be ignored for this session
1588898633751	mozrunner::runner	INFO	Running command: "/usr/bin/firefox" "-marionette" "-foreground" "-no-remote" "-profile" "/tmp/rust_mozprofileFPpxeT"
1588898635784	addons.webextension.doh-rollout@mozilla.org	WARN	Loading extension 'doh-rollout@mozilla.org': Reading manifest: Invalid extension permission: networkStatus
1588898639169	addons.webextension.screenshots@mozilla.org	WARN	Loading extension 'screenshots@mozilla.org': Reading manifest: Invalid extension permission: mozillaAddons
1588898639170	addons.webextension.screenshots@mozilla.org	WARN	Loading extension 'screenshots@mozilla.org': Reading manifest: Invalid extension permission: telemetry
1588898639170	addons.webextension.screenshots@mozilla.org	WARN	Loading extension 'screenshots@mozilla.org': Reading manifest: Invalid extension permission: resource://pdf.js/
1588898639170	addons.webextension.screenshots@mozilla.org	WARN	Loading extension 'screenshots@mozilla.org': Reading manifest: Invalid extension permission: about:reader*
1588898642499	Marionette	INFO	Listening on port 46311
1588898642572	Marionette	WARN	TLS certificate errors will be ignored for this session
JavaScript error: resource://activity-stream/lib/ActivityStreamPrefs.jsm, line 27: NS_ERROR_ILLEGAL_VALUE: Component returned failure code: 0x80070057 (NS_ERROR_ILLEGAL_VALUE) [nsIPrefBranch.removeObserver]
JavaScript error: resource://services-settings/RemoteSettingsClient.jsm, line 107: Error: Unknown callback
JavaScript error: resource://activity-stream/lib/PlacesFeed.jsm, line 195: NS_ERROR_XPC_GS_RETURNED_FAILURE: ServiceManager::GetService returned failure code:
JavaScript error: resource://gre/modules/ExtensionSettingsStore.jsm, line 123: Error: The ExtensionSettingsStore was accessed before the initialize promise resolved.
JavaScript error: resource://gre/modules/XPCOMUtils.jsm, line 215: NS_ERROR_XPC_GS_RETURNED_FAILURE: ServiceManager::GetService returned failure code:
1588898651819	Marionette	INFO	Stopped listening on port 46311

###!!! [Child][MessageChannel] Error: (msgtype=0xB80016,name=PWindowGlobal::Msg_Destroy) Channel closing: too late to send/recv, messages will be lost

JavaScript error: , line 0: UnknownError: The operation failed for reasons unrelated to the database itself and not covered by any other error code.
1588898675135	Marionette	INFO	Stopped listening on port 36587
1588898676354	mozrunner::runner	INFO	Running command: "/usr/bin/firefox" "-marionette" "-foreground" "-no-remote" "-profile" "/tmp/rust_mozprofileOKztgo"
1588898677159	addons.webextension.doh-rollout@mozilla.org	WARN	Loading extension 'doh-rollout@mozilla.org': Reading manifest: Invalid extension permission: networkStatus
1588898679112	addons.webextension.screenshots@mozilla.org	WARN	Loading extension 'screenshots@mozilla.org': Reading manifest: Invalid extension permission: mozillaAddons
1588898679114	addons.webextension.screenshots@mozilla.org	WARN	Loading extension 'screenshots@mozilla.org': Reading manifest: Invalid extension permission: telemetry
1588898679115	addons.webextension.screenshots@mozilla.org	WARN	Loading extension 'screenshots@mozilla.org': Reading manifest: Invalid extension permission: resource://pdf.js/
1588898679115	addons.webextension.screenshots@mozilla.org	WARN	Loading extension 'screenshots@mozilla.org': Reading manifest: Invalid extension permission: about:reader*
1588898681899	Marionette	INFO	Listening on port 43717
1588898681972	Marionette	WARN	TLS certificate errors will be ignored for this session
JavaScript error: https://www.lsucsudh.org/, line 632: TypeError: bodLeadership is null
1588898709357	mozrunner::runner	INFO	Running command: "/usr/bin/firefox" "-marionette" "-foreground" "-no-remote" "-profile" "/tmp/rust_mozprofileKjj4Xx"
1588898709893	addons.webextension.doh-rollout@mozilla.org	WARN	Loading extension 'doh-rollout@mozilla.org': Reading manifest: Invalid extension permission: networkStatus
1588898711469	addons.webextension.screenshots@mozilla.org	WARN	Loading extension 'screenshots@mozilla.org': Reading manifest: Invalid extension permission: mozillaAddons
1588898711469	addons.webextension.screenshots@mozilla.org	WARN	Loading extension 'screenshots@mozilla.org': Reading manifest: Invalid extension permission: telemetry
1588898711470	addons.webextension.screenshots@mozilla.org	WARN	Loading extension 'screenshots@mozilla.org': Reading manifest: Invalid extension permission: resource://pdf.js/
1588898711470	addons.webextension.screenshots@mozilla.org	WARN	Loading extension 'screenshots@mozilla.org': Reading manifest: Invalid extension permission: about:reader*
1588898713951	Marionette	INFO	Listening on port 44465
1588898713969	Marionette	WARN	TLS certificate errors will be ignored for this session
JavaScript error: https://www.lsucsudh.org/, line 632: TypeError: bodLeadership is null
1588898727547	Marionette	INFO	Stopped listening on port 43717
1588898749752	mozrunner::runner	INFO	Running command: "/usr/bin/firefox" "-marionette" "-foreground" "-no-remote" "-profile" "/tmp/rust_mozprofilep6D4Dh"
1588898750325	addons.webextension.doh-rollout@mozilla.org	WARN	Loading extension 'doh-rollout@mozilla.org': Reading manifest: Invalid extension permission: networkStatus
1588898751844	addons.webextension.screenshots@mozilla.org	WARN	Loading extension 'screenshots@mozilla.org': Reading manifest: Invalid extension permission: mozillaAddons
1588898751844	addons.webextension.screenshots@mozilla.org	WARN	Loading extension 'screenshots@mozilla.org': Reading manifest: Invalid extension permission: telemetry
1588898751845	addons.webextension.screenshots@mozilla.org	WARN	Loading extension 'screenshots@mozilla.org': Reading manifest: Invalid extension permission: resource://pdf.js/
1588898751845	addons.webextension.screenshots@mozilla.org	WARN	Loading extension 'screenshots@mozilla.org': Reading manifest: Invalid extension permission: about:reader*
1588898753689	Marionette	INFO	Listening on port 43421
1588898753770	Marionette	WARN	TLS certificate errors will be ignored for this session
1588898771417	Marionette	INFO	Stopped listening on port 43421
JavaScript error: , line 0: UnknownError: The operation failed for reasons unrelated to the database itself and not covered by any other error code.
1588898849771	Marionette	INFO	Stopped listening on port 44465
